\BOOKMARK [0][-]{chapter.1}{\376\377\0001\000\040\000W\000a\000y\000F\000i\000n\000d\000X}{}% 1
\BOOKMARK [1][-]{section.1.1}{\376\377\0001\000.\0001\000\040\000K\000e\000y\000\040\000F\000e\000a\000t\000u\000r\000e\000s}{chapter.1}% 2
\BOOKMARK [1][-]{section.1.2}{\376\377\0001\000.\0002\000\040\000H\000a\000r\000d\000w\000a\000r\000e\000\040\000C\000o\000m\000p\000o\000n\000e\000n\000t\000s}{chapter.1}% 3
\BOOKMARK [1][-]{section.1.3}{\376\377\0001\000.\0003\000\040\000S\000o\000f\000t\000w\000a\000r\000e\000\040\000I\000n\000t\000e\000r\000f\000a\000c\000e}{chapter.1}% 4
\BOOKMARK [1][-]{section.1.4}{\376\377\0001\000.\0004\000\040\000C\000h\000a\000l\000l\000e\000n\000g\000e\000s\000\040\000F\000a\000c\000e\000d}{chapter.1}% 5
\BOOKMARK [0][-]{chapter.2}{\376\377\0002\000\040\000F\000i\000l\000e\000\040\000I\000n\000d\000e\000x}{}% 6
\BOOKMARK [1][-]{section.2.1}{\376\377\0002\000.\0001\000\040\000F\000i\000l\000e\000\040\000L\000i\000s\000t}{chapter.2}% 7
\BOOKMARK [0][-]{chapter.3}{\376\377\0003\000\040\000F\000i\000l\000e\000\040\000D\000o\000c\000u\000m\000e\000n\000t\000a\000t\000i\000o\000n}{}% 8
\BOOKMARK [1][-]{section.3.1}{\376\377\0003\000.\0001\000\040\000G\000:\000/\000P\000r\000o\000j\000e\000c\000t\000\137\000F\000i\000l\000e\000s\000/\000W\000a\000y\000F\000i\000n\000d\000X\000/\000w\000f\000x\000\137\000s\000w\000/\000w\000f\000x\000\137\000s\000w\000/\000d\000s\000/\000d\000s\000.\000c\000\040\000F\000i\000l\000e\000\040\000R\000e\000f\000e\000r\000e\000n\000c\000e}{chapter.3}% 9
\BOOKMARK [2][-]{subsection.3.1.1}{\376\377\0003\000.\0001\000.\0001\000\040\000F\000u\000n\000c\000t\000i\000o\000n\000\040\000D\000o\000c\000u\000m\000e\000n\000t\000a\000t\000i\000o\000n}{section.3.1}% 10
\BOOKMARK [3][-]{subsubsection.3.1.1.1}{\376\377\0003\000.\0001\000.\0001\000.\0001\000\040\000d\000s\000\137\000c\000l\000e\000a\000r\000\050\000\051}{subsection.3.1.1}% 11
\BOOKMARK [3][-]{subsubsection.3.1.1.2}{\376\377\0003\000.\0001\000.\0001\000.\0002\000\040\000d\000s\000\137\000i\000n\000i\000t\000\050\000\051}{subsection.3.1.1}% 12
\BOOKMARK [3][-]{subsubsection.3.1.1.3}{\376\377\0003\000.\0001\000.\0001\000.\0003\000\040\000d\000s\000\137\000p\000r\000i\000n\000t\000\137\000s\000t\000r\000i\000n\000g\000\050\000\051}{subsection.3.1.1}% 13
\BOOKMARK [1][-]{section.3.2}{\376\377\0003\000.\0002\000\040\000d\000s\000.\000c}{chapter.3}% 14
\BOOKMARK [1][-]{section.3.3}{\376\377\0003\000.\0003\000\040\000G\000:\000/\000P\000r\000o\000j\000e\000c\000t\000\137\000F\000i\000l\000e\000s\000/\000W\000a\000y\000F\000i\000n\000d\000X\000/\000w\000f\000x\000\137\000s\000w\000/\000w\000f\000x\000\137\000s\000w\000/\000d\000s\000/\000d\000s\000.\000h\000\040\000F\000i\000l\000e\000\040\000R\000e\000f\000e\000r\000e\000n\000c\000e}{chapter.3}% 15
\BOOKMARK [2][-]{subsection.3.3.1}{\376\377\0003\000.\0003\000.\0001\000\040\000D\000e\000t\000a\000i\000l\000e\000d\000\040\000D\000e\000s\000c\000r\000i\000p\000t\000i\000o\000n}{section.3.3}% 16
\BOOKMARK [2][-]{subsection.3.3.2}{\376\377\0003\000.\0003\000.\0002\000\040\000M\000a\000c\000r\000o\000\040\000D\000e\000f\000i\000n\000i\000t\000i\000o\000n\000\040\000D\000o\000c\000u\000m\000e\000n\000t\000a\000t\000i\000o\000n}{section.3.3}% 17
\BOOKMARK [3][-]{subsubsection.3.3.2.1}{\376\377\0003\000.\0003\000.\0002\000.\0001\000\040\000M\000A\000X\000\137\000C\000O\000L}{subsection.3.3.2}% 18
\BOOKMARK [3][-]{subsubsection.3.3.2.2}{\376\377\0003\000.\0003\000.\0002\000.\0002\000\040\000M\000A\000X\000\137\000R\000O\000W\000S}{subsection.3.3.2}% 19
\BOOKMARK [3][-]{subsubsection.3.3.2.3}{\376\377\0003\000.\0003\000.\0002\000.\0003\000\040\000S\000P\000A\000C\000E\000S}{subsection.3.3.2}% 20
\BOOKMARK [2][-]{subsection.3.3.3}{\376\377\0003\000.\0003\000.\0003\000\040\000F\000u\000n\000c\000t\000i\000o\000n\000\040\000D\000o\000c\000u\000m\000e\000n\000t\000a\000t\000i\000o\000n}{section.3.3}% 21
\BOOKMARK [3][-]{subsubsection.3.3.3.1}{\376\377\0003\000.\0003\000.\0003\000.\0001\000\040\000d\000s\000\137\000c\000l\000e\000a\000r\000\050\000\051}{subsection.3.3.3}% 22
\BOOKMARK [3][-]{subsubsection.3.3.3.2}{\376\377\0003\000.\0003\000.\0003\000.\0002\000\040\000d\000s\000\137\000i\000n\000i\000t\000\050\000\051}{subsection.3.3.3}% 23
\BOOKMARK [3][-]{subsubsection.3.3.3.3}{\376\377\0003\000.\0003\000.\0003\000.\0003\000\040\000d\000s\000\137\000p\000r\000i\000n\000t\000\137\000s\000t\000r\000i\000n\000g\000\050\000\051}{subsection.3.3.3}% 24
\BOOKMARK [1][-]{section.3.4}{\376\377\0003\000.\0004\000\040\000d\000s\000.\000h}{chapter.3}% 25
\BOOKMARK [1][-]{section.3.5}{\376\377\0003\000.\0005\000\040\000G\000:\000/\000P\000r\000o\000j\000e\000c\000t\000\137\000F\000i\000l\000e\000s\000/\000W\000a\000y\000F\000i\000n\000d\000X\000/\000w\000f\000x\000\137\000s\000w\000/\000w\000f\000x\000\137\000s\000w\000/\000i\000r\000/\000i\000r\000.\000c\000\040\000F\000i\000l\000e\000\040\000R\000e\000f\000e\000r\000e\000n\000c\000e}{chapter.3}% 26
\BOOKMARK [2][-]{subsection.3.5.1}{\376\377\0003\000.\0005\000.\0001\000\040\000F\000u\000n\000c\000t\000i\000o\000n\000\040\000D\000o\000c\000u\000m\000e\000n\000t\000a\000t\000i\000o\000n}{section.3.5}% 27
\BOOKMARK [3][-]{subsubsection.3.5.1.1}{\376\377\0003\000.\0005\000.\0001\000.\0001\000\040\000i\000r\000\137\000i\000n\000i\000t\000\050\000\051}{subsection.3.5.1}% 28
\BOOKMARK [3][-]{subsubsection.3.5.1.2}{\376\377\0003\000.\0005\000.\0001\000.\0002\000\040\000I\000S\000R\000\050\000\051\000\040\000[\0001\000/\0002\000]}{subsection.3.5.1}% 29
\BOOKMARK [3][-]{subsubsection.3.5.1.3}{\376\377\0003\000.\0005\000.\0001\000.\0003\000\040\000I\000S\000R\000\050\000\051\000\040\000[\0002\000/\0002\000]}{subsection.3.5.1}% 30
\BOOKMARK [2][-]{subsection.3.5.2}{\376\377\0003\000.\0005\000.\0002\000\040\000V\000a\000r\000i\000a\000b\000l\000e\000\040\000D\000o\000c\000u\000m\000e\000n\000t\000a\000t\000i\000o\000n}{section.3.5}% 31
\BOOKMARK [3][-]{subsubsection.3.5.2.1}{\376\377\0003\000.\0005\000.\0002\000.\0001\000\040\000i\000r\000\137\000s\000e\000c\000\137\000c\000o\000u\000n\000t\000e\000r}{subsection.3.5.2}% 32
\BOOKMARK [3][-]{subsubsection.3.5.2.2}{\376\377\0003\000.\0005\000.\0002\000.\0002\000\040\000i\000r\000\137\000t\000r\000i\000g\000g\000e\000r\000\137\0001\000h\000z\000\137\000f\000l\000a\000g\000\137\000g}{subsection.3.5.2}% 33
\BOOKMARK [1][-]{section.3.6}{\376\377\0003\000.\0006\000\040\000i\000r\000.\000c}{chapter.3}% 34
\BOOKMARK [1][-]{section.3.7}{\376\377\0003\000.\0007\000\040\000G\000:\000/\000P\000r\000o\000j\000e\000c\000t\000\137\000F\000i\000l\000e\000s\000/\000W\000a\000y\000F\000i\000n\000d\000X\000/\000w\000f\000x\000\137\000s\000w\000/\000w\000f\000x\000\137\000s\000w\000/\000i\000r\000/\000i\000r\000.\000h\000\040\000F\000i\000l\000e\000\040\000R\000e\000f\000e\000r\000e\000n\000c\000e}{chapter.3}% 35
\BOOKMARK [2][-]{subsection.3.7.1}{\376\377\0003\000.\0007\000.\0001\000\040\000D\000e\000t\000a\000i\000l\000e\000d\000\040\000D\000e\000s\000c\000r\000i\000p\000t\000i\000o\000n}{section.3.7}% 36
\BOOKMARK [2][-]{subsection.3.7.2}{\376\377\0003\000.\0007\000.\0002\000\040\000F\000u\000n\000c\000t\000i\000o\000n\000\040\000D\000o\000c\000u\000m\000e\000n\000t\000a\000t\000i\000o\000n}{section.3.7}% 37
\BOOKMARK [3][-]{subsubsection.3.7.2.1}{\376\377\0003\000.\0007\000.\0002\000.\0001\000\040\000i\000r\000\137\000i\000n\000i\000t\000\050\000\051}{subsection.3.7.2}% 38
\BOOKMARK [2][-]{subsection.3.7.3}{\376\377\0003\000.\0007\000.\0003\000\040\000V\000a\000r\000i\000a\000b\000l\000e\000\040\000D\000o\000c\000u\000m\000e\000n\000t\000a\000t\000i\000o\000n}{section.3.7}% 39
\BOOKMARK [3][-]{subsubsection.3.7.3.1}{\376\377\0003\000.\0007\000.\0003\000.\0001\000\040\000i\000r\000\137\000s\000e\000c\000\137\000c\000o\000u\000n\000t\000e\000r}{subsection.3.7.3}% 40
\BOOKMARK [3][-]{subsubsection.3.7.3.2}{\376\377\0003\000.\0007\000.\0003\000.\0002\000\040\000i\000r\000\137\000t\000r\000i\000g\000g\000e\000r\000\137\0001\000h\000z\000\137\000f\000l\000a\000g\000\137\000g}{subsection.3.7.3}% 41
\BOOKMARK [1][-]{section.3.8}{\376\377\0003\000.\0008\000\040\000i\000r\000.\000h}{chapter.3}% 42
\BOOKMARK [1][-]{section.3.9}{\376\377\0003\000.\0009\000\040\000G\000:\000/\000P\000r\000o\000j\000e\000c\000t\000\137\000F\000i\000l\000e\000s\000/\000W\000a\000y\000F\000i\000n\000d\000X\000/\000w\000f\000x\000\137\000s\000w\000/\000w\000f\000x\000\137\000s\000w\000/\000m\000a\000i\000n\000.\000c\000\040\000F\000i\000l\000e\000\040\000R\000e\000f\000e\000r\000e\000n\000c\000e}{chapter.3}% 43
\BOOKMARK [2][-]{subsection.3.9.1}{\376\377\0003\000.\0009\000.\0001\000\040\000M\000a\000c\000r\000o\000\040\000D\000e\000f\000i\000n\000i\000t\000i\000o\000n\000\040\000D\000o\000c\000u\000m\000e\000n\000t\000a\000t\000i\000o\000n}{section.3.9}% 44
\BOOKMARK [3][-]{subsubsection.3.9.1.1}{\376\377\0003\000.\0009\000.\0001\000.\0001\000\040\000F\000\137\000C\000P\000U}{subsection.3.9.1}% 45
\BOOKMARK [2][-]{subsection.3.9.2}{\376\377\0003\000.\0009\000.\0002\000\040\000F\000u\000n\000c\000t\000i\000o\000n\000\040\000D\000o\000c\000u\000m\000e\000n\000t\000a\000t\000i\000o\000n}{section.3.9}% 46
\BOOKMARK [3][-]{subsubsection.3.9.2.1}{\376\377\0003\000.\0009\000.\0002\000.\0001\000\040\000m\000a\000i\000n\000\050\000\051}{subsection.3.9.2}% 47
\BOOKMARK [3][-]{subsubsection.3.9.2.2}{\376\377\0003\000.\0009\000.\0002\000.\0002\000\040\000s\000t\000a\000r\000t\000u\000p\000\050\000\051}{subsection.3.9.2}% 48
\BOOKMARK [3][-]{subsubsection.3.9.2.3}{\376\377\0003\000.\0009\000.\0002\000.\0003\000\040\000t\000a\000s\000k\000\137\0001\000h\000z\000\050\000\051}{subsection.3.9.2}% 49
\BOOKMARK [3][-]{subsubsection.3.9.2.4}{\376\377\0003\000.\0009\000.\0002\000.\0004\000\040\000u\000p\000d\000a\000t\000e\000\137\000d\000i\000s\000p\000l\000a\000y\000\050\000\051}{subsection.3.9.2}% 50
\BOOKMARK [1][-]{section.3.10}{\376\377\0003\000.\0001\0000\000\040\000m\000a\000i\000n\000.\000c}{chapter.3}% 51
\BOOKMARK [1][-]{section.3.11}{\376\377\0003\000.\0001\0001\000\040\000G\000:\000/\000P\000r\000o\000j\000e\000c\000t\000\137\000F\000i\000l\000e\000s\000/\000W\000a\000y\000F\000i\000n\000d\000X\000/\000w\000f\000x\000\137\000s\000w\000/\000w\000f\000x\000\137\000s\000w\000/\000n\000f\000/\000n\000f\000.\000c\000\040\000F\000i\000l\000e\000\040\000R\000e\000f\000e\000r\000e\000n\000c\000e}{chapter.3}% 52
\BOOKMARK [2][-]{subsection.3.11.1}{\376\377\0003\000.\0001\0001\000.\0001\000\040\000M\000a\000c\000r\000o\000\040\000D\000e\000f\000i\000n\000i\000t\000i\000o\000n\000\040\000D\000o\000c\000u\000m\000e\000n\000t\000a\000t\000i\000o\000n}{section.3.11}% 53
\BOOKMARK [3][-]{subsubsection.3.11.1.1}{\376\377\0003\000.\0001\0001\000.\0001\000.\0001\000\040\000F\000\137\000C\000P\000U}{subsection.3.11.1}% 54
\BOOKMARK [3][-]{subsubsection.3.11.1.2}{\376\377\0003\000.\0001\0001\000.\0001\000.\0002\000\040\000G\000G\000A\000\137\000T\000Y\000P\000E}{subsection.3.11.1}% 55
\BOOKMARK [3][-]{subsubsection.3.11.1.3}{\376\377\0003\000.\0001\0001\000.\0001\000.\0003\000\040\000G\000L\000L\000\137\000T\000Y\000P\000E}{subsection.3.11.1}% 56
\BOOKMARK [3][-]{subsubsection.3.11.1.4}{\376\377\0003\000.\0001\0001\000.\0001\000.\0004\000\040\000G\000S\000A\000\137\000T\000Y\000P\000E}{subsection.3.11.1}% 57
\BOOKMARK [3][-]{subsubsection.3.11.1.5}{\376\377\0003\000.\0001\0001\000.\0001\000.\0005\000\040\000G\000S\000V\000\137\000T\000Y\000P\000E}{subsection.3.11.1}% 58
\BOOKMARK [3][-]{subsubsection.3.11.1.6}{\376\377\0003\000.\0001\0001\000.\0001\000.\0006\000\040\000M\000S\000S\000\137\000T\000Y\000P\000E}{subsection.3.11.1}% 59
\BOOKMARK [3][-]{subsubsection.3.11.1.7}{\376\377\0003\000.\0001\0001\000.\0001\000.\0007\000\040\000N\000M\000E\000A\000\137\000M\000S\000G\000\137\000I\000D\000\137\000S\000I\000Z\000E}{subsection.3.11.1}% 60
\BOOKMARK [3][-]{subsubsection.3.11.1.8}{\376\377\0003\000.\0001\0001\000.\0001\000.\0008\000\040\000O\000K\000\137\000T\000O\000\137\000S\000E\000N\000D\000\137\000T\000Y\000P\000E}{subsection.3.11.1}% 61
\BOOKMARK [3][-]{subsubsection.3.11.1.9}{\376\377\0003\000.\0001\0001\000.\0001\000.\0009\000\040\000R\000M\000C\000\137\000T\000Y\000P\000E}{subsection.3.11.1}% 62
\BOOKMARK [3][-]{subsubsection.3.11.1.10}{\376\377\0003\000.\0001\0001\000.\0001\000.\0001\0000\000\040\000U\000A\000R\000T\000\137\000B\000A\000U\000D\000\137\000R\000A\000T\000E}{subsection.3.11.1}% 63
\BOOKMARK [3][-]{subsubsection.3.11.1.11}{\376\377\0003\000.\0001\0001\000.\0001\000.\0001\0001\000\040\000V\000T\000G\000\137\000T\000Y\000P\000E}{subsection.3.11.1}% 64
\BOOKMARK [3][-]{subsubsection.3.11.1.12}{\376\377\0003\000.\0001\0001\000.\0001\000.\0001\0002\000\040\000Z\000D\000A\000\137\000T\000Y\000P\000E}{subsection.3.11.1}% 65
\BOOKMARK [2][-]{subsection.3.11.2}{\376\377\0003\000.\0001\0001\000.\0002\000\040\000F\000u\000n\000c\000t\000i\000o\000n\000\040\000D\000o\000c\000u\000m\000e\000n\000t\000a\000t\000i\000o\000n}{section.3.11}% 66
\BOOKMARK [3][-]{subsubsection.3.11.2.1}{\376\377\0003\000.\0001\0001\000.\0002\000.\0001\000\040\000c\000o\000n\000v\000e\000r\000t\000N\000M\000E\000A\000t\000o\000L\000L\000A\000\050\000\051}{subsection.3.11.2}% 67
\BOOKMARK [3][-]{subsubsection.3.11.2.2}{\376\377\0003\000.\0001\0001\000.\0002\000.\0002\000\040\000g\000e\000t\000\137\000s\000e\000r\000i\000a\000l\000\137\000c\000h\000a\000r\000\050\000\051}{subsection.3.11.2}% 68
\BOOKMARK [3][-]{subsubsection.3.11.2.3}{\376\377\0003\000.\0001\0001\000.\0002\000.\0003\000\040\000n\000f\000\137\000c\000l\000e\000a\000r\000\137\000n\000a\000v\000\137\000s\000t\000r\000i\000n\000g\000s\000\050\000\051}{subsection.3.11.2}% 69
\BOOKMARK [3][-]{subsubsection.3.11.2.4}{\376\377\0003\000.\0001\0001\000.\0002\000.\0004\000\040\000n\000f\000\137\000i\000n\000i\000t\000\050\000\051}{subsection.3.11.2}% 70
\BOOKMARK [3][-]{subsubsection.3.11.2.5}{\376\377\0003\000.\0001\0001\000.\0002\000.\0005\000\040\000r\000e\000a\000d\000\137\000n\000m\000e\000a\000\137\000m\000s\000g\000\137\000r\000a\000w\000\050\000\051}{subsection.3.11.2}% 71
\BOOKMARK [2][-]{subsection.3.11.3}{\376\377\0003\000.\0001\0001\000.\0003\000\040\000V\000a\000r\000i\000a\000b\000l\000e\000\040\000D\000o\000c\000u\000m\000e\000n\000t\000a\000t\000i\000o\000n}{section.3.11}% 72
\BOOKMARK [3][-]{subsubsection.3.11.3.1}{\376\377\0003\000.\0001\0001\000.\0003\000.\0001\000\040\000a\000l\000t\000i\000t\000u\000d\000e\000L\000L\000A\000\137\000f\000l\000o\000a\000t}{subsection.3.11.3}% 73
\BOOKMARK [3][-]{subsubsection.3.11.3.2}{\376\377\0003\000.\0001\0001\000.\0003\000.\0002\000\040\000a\000l\000t\000i\000t\000u\000d\000e\000L\000L\000A\000\137\000s\000t\000r}{subsection.3.11.3}% 74
\BOOKMARK [3][-]{subsubsection.3.11.3.3}{\376\377\0003\000.\0001\0001\000.\0003\000.\0003\000\040\000e\000w\000\137\000i\000n\000d\000i\000c\000a\000t\000o\000r}{subsection.3.11.3}% 75
\BOOKMARK [3][-]{subsubsection.3.11.3.4}{\376\377\0003\000.\0001\0001\000.\0003\000.\0004\000\040\000h\000d\000o\000p}{subsection.3.11.3}% 76
\BOOKMARK [3][-]{subsubsection.3.11.3.5}{\376\377\0003\000.\0001\0001\000.\0003\000.\0005\000\040\000l\000a\000t\000i\000t\000u\000d\000e}{subsection.3.11.3}% 77
\BOOKMARK [3][-]{subsubsection.3.11.3.6}{\376\377\0003\000.\0001\0001\000.\0003\000.\0006\000\040\000l\000a\000t\000i\000t\000u\000d\000e\000L\000L\000A\000\137\000f\000l\000o\000a\000t}{subsection.3.11.3}% 78
\BOOKMARK [3][-]{subsubsection.3.11.3.7}{\376\377\0003\000.\0001\0001\000.\0003\000.\0007\000\040\000l\000a\000t\000i\000t\000u\000d\000e\000L\000L\000A\000\137\000s\000t\000r}{subsection.3.11.3}% 79
\BOOKMARK [3][-]{subsubsection.3.11.3.8}{\376\377\0003\000.\0001\0001\000.\0003\000.\0008\000\040\000l\000o\000n\000g\000i\000t\000u\000d\000e}{subsection.3.11.3}% 80
\BOOKMARK [3][-]{subsubsection.3.11.3.9}{\376\377\0003\000.\0001\0001\000.\0003\000.\0009\000\040\000l\000o\000n\000g\000i\000t\000u\000d\000e\000L\000L\000A\000\137\000f\000l\000o\000a\000t}{subsection.3.11.3}% 81
\BOOKMARK [3][-]{subsubsection.3.11.3.10}{\376\377\0003\000.\0001\0001\000.\0003\000.\0001\0000\000\040\000l\000o\000n\000g\000i\000t\000u\000d\000e\000L\000L\000A\000\137\000s\000t\000r}{subsection.3.11.3}% 82
\BOOKMARK [3][-]{subsubsection.3.11.3.11}{\376\377\0003\000.\0001\0001\000.\0003\000.\0001\0001\000\040\000m\000s\000l\000\137\000a\000l\000t\000i\000t\000u\000d\000e}{subsection.3.11.3}% 83
\BOOKMARK [3][-]{subsubsection.3.11.3.12}{\376\377\0003\000.\0001\0001\000.\0003\000.\0001\0002\000\040\000n\000s\000\137\000i\000n\000d\000i\000c\000a\000t\000o\000r}{subsection.3.11.3}% 84
\BOOKMARK [3][-]{subsubsection.3.11.3.13}{\376\377\0003\000.\0001\0001\000.\0003\000.\0001\0003\000\040\000p\000o\000s\000i\000t\000i\000o\000n\000\137\000f\000i\000x\000\137\000i\000n\000d\000i\000c\000a\000t\000o\000r}{subsection.3.11.3}% 85
\BOOKMARK [3][-]{subsubsection.3.11.3.14}{\376\377\0003\000.\0001\0001\000.\0003\000.\0001\0004\000\040\000s\000a\000t\000e\000l\000l\000i\000t\000e\000s\000\137\000u\000s\000e\000d}{subsection.3.11.3}% 86
\BOOKMARK [3][-]{subsubsection.3.11.3.15}{\376\377\0003\000.\0001\0001\000.\0003\000.\0001\0005\000\040\000s\000p\000e\000e\000d}{subsection.3.11.3}% 87
\BOOKMARK [3][-]{subsubsection.3.11.3.16}{\376\377\0003\000.\0001\0001\000.\0003\000.\0001\0006\000\040\000u\000t\000c\000\137\000t\000i\000m\000e}{subsection.3.11.3}% 88
\BOOKMARK [1][-]{section.3.12}{\376\377\0003\000.\0001\0002\000\040\000n\000f\000.\000c}{chapter.3}% 89
\BOOKMARK [1][-]{section.3.13}{\376\377\0003\000.\0001\0003\000\040\000G\000:\000/\000P\000r\000o\000j\000e\000c\000t\000\137\000F\000i\000l\000e\000s\000/\000W\000a\000y\000F\000i\000n\000d\000X\000/\000w\000f\000x\000\137\000s\000w\000/\000w\000f\000x\000\137\000s\000w\000/\000n\000f\000/\000n\000f\000.\000h\000\040\000F\000i\000l\000e\000\040\000R\000e\000f\000e\000r\000e\000n\000c\000e}{chapter.3}% 90
\BOOKMARK [2][-]{subsection.3.13.1}{\376\377\0003\000.\0001\0003\000.\0001\000\040\000D\000e\000t\000a\000i\000l\000e\000d\000\040\000D\000e\000s\000c\000r\000i\000p\000t\000i\000o\000n}{section.3.13}% 91
\BOOKMARK [2][-]{subsection.3.13.2}{\376\377\0003\000.\0001\0003\000.\0002\000\040\000M\000a\000c\000r\000o\000\040\000D\000e\000f\000i\000n\000i\000t\000i\000o\000n\000\040\000D\000o\000c\000u\000m\000e\000n\000t\000a\000t\000i\000o\000n}{section.3.13}% 92
\BOOKMARK [3][-]{subsubsection.3.13.2.1}{\376\377\0003\000.\0001\0003\000.\0002\000.\0001\000\040\000N\000F\000\137\000I\000N\000I\000T\000\137\000F\000A\000I\000L\000U\000R\000E}{subsection.3.13.2}% 93
\BOOKMARK [3][-]{subsubsection.3.13.2.2}{\376\377\0003\000.\0001\0003\000.\0002\000.\0002\000\040\000N\000F\000\137\000I\000N\000I\000T\000\137\000S\000U\000C\000C\000E\000S\000S}{subsection.3.13.2}% 94
\BOOKMARK [2][-]{subsection.3.13.3}{\376\377\0003\000.\0001\0003\000.\0003\000\040\000F\000u\000n\000c\000t\000i\000o\000n\000\040\000D\000o\000c\000u\000m\000e\000n\000t\000a\000t\000i\000o\000n}{section.3.13}% 95
\BOOKMARK [3][-]{subsubsection.3.13.3.1}{\376\377\0003\000.\0001\0003\000.\0003\000.\0001\000\040\000c\000o\000n\000v\000e\000r\000t\000N\000M\000E\000A\000t\000o\000L\000L\000A\000\050\000\051}{subsection.3.13.3}% 96
\BOOKMARK [3][-]{subsubsection.3.13.3.2}{\376\377\0003\000.\0001\0003\000.\0003\000.\0002\000\040\000g\000e\000t\000\137\000s\000e\000r\000i\000a\000l\000\137\000c\000h\000a\000r\000\050\000\051}{subsection.3.13.3}% 97
\BOOKMARK [3][-]{subsubsection.3.13.3.3}{\376\377\0003\000.\0001\0003\000.\0003\000.\0003\000\040\000n\000f\000\137\000i\000n\000i\000t\000\050\000\051}{subsection.3.13.3}% 98
\BOOKMARK [3][-]{subsubsection.3.13.3.4}{\376\377\0003\000.\0001\0003\000.\0003\000.\0004\000\040\000r\000e\000a\000d\000\137\000n\000m\000e\000a\000\137\000m\000s\000g\000\137\000r\000a\000w\000\050\000\051}{subsection.3.13.3}% 99
\BOOKMARK [1][-]{section.3.14}{\376\377\0003\000.\0001\0004\000\040\000n\000f\000.\000h}{chapter.3}% 100
\BOOKMARK [1][-]{section.3.15}{\376\377\0003\000.\0001\0005\000\040\000G\000:\000/\000P\000r\000o\000j\000e\000c\000t\000\137\000F\000i\000l\000e\000s\000/\000W\000a\000y\000F\000i\000n\000d\000X\000/\000w\000f\000x\000\137\000s\000w\000/\000w\000f\000x\000\137\000s\000w\000/\000n\000f\000/\000n\000f\000\137\000t\000y\000p\000e\000s\000.\000h\000\040\000F\000i\000l\000e\000\040\000R\000e\000f\000e\000r\000e\000n\000c\000e}{chapter.3}% 101
\BOOKMARK [2][-]{subsection.3.15.1}{\376\377\0003\000.\0001\0005\000.\0001\000\040\000M\000a\000c\000r\000o\000\040\000D\000e\000f\000i\000n\000i\000t\000i\000o\000n\000\040\000D\000o\000c\000u\000m\000e\000n\000t\000a\000t\000i\000o\000n}{section.3.15}% 102
\BOOKMARK [3][-]{subsubsection.3.15.1.1}{\376\377\0003\000.\0001\0005\000.\0001\000.\0001\000\040\000G\000G\000A\000\137\000A\000L\000T\000I\000T\000U\000D\000E\000\137\000B\000U\000F\000F\000E\000R\000\137\000S\000I\000Z\000E}{subsection.3.15.1}% 103
\BOOKMARK [3][-]{subsubsection.3.15.1.2}{\376\377\0003\000.\0001\0005\000.\0001\000.\0002\000\040\000G\000G\000A\000\137\000H\000D\000O\000P\000\137\000B\000U\000F\000F\000E\000R\000\137\000S\000I\000Z\000E}{subsection.3.15.1}% 104
\BOOKMARK [3][-]{subsubsection.3.15.1.3}{\376\377\0003\000.\0001\0005\000.\0001\000.\0003\000\040\000G\000G\000A\000\137\000I\000N\000D\000I\000C\000A\000T\000O\000R\000\137\000S\000I\000Z\000E}{subsection.3.15.1}% 105
\BOOKMARK [3][-]{subsubsection.3.15.1.4}{\376\377\0003\000.\0001\0005\000.\0001\000.\0004\000\040\000G\000G\000A\000\137\000L\000A\000T\000\137\000B\000U\000F\000F\000E\000R\000\137\000S\000I\000Z\000E}{subsection.3.15.1}% 106
\BOOKMARK [3][-]{subsubsection.3.15.1.5}{\376\377\0003\000.\0001\0005\000.\0001\000.\0005\000\040\000G\000G\000A\000\137\000L\000O\000N\000G\000\137\000B\000U\000F\000F\000E\000R\000\137\000S\000I\000Z\000E}{subsection.3.15.1}% 107
\BOOKMARK [3][-]{subsubsection.3.15.1.6}{\376\377\0003\000.\0001\0005\000.\0001\000.\0006\000\040\000G\000G\000A\000\137\000N\000U\000M\000\137\000I\000N\000D\000I\000C\000A\000T\000O\000R\000S\000\137\000A\000C\000T\000I\000V\000E}{subsection.3.15.1}% 108
\BOOKMARK [3][-]{subsubsection.3.15.1.7}{\376\377\0003\000.\0001\0005\000.\0001\000.\0007\000\040\000G\000G\000A\000\137\000N\000U\000M\000\137\000I\000T\000E\000M\000S\000\137\000A\000C\000T\000I\000V\000E}{subsection.3.15.1}% 109
\BOOKMARK [3][-]{subsubsection.3.15.1.8}{\376\377\0003\000.\0001\0005\000.\0001\000.\0008\000\040\000G\000G\000A\000\137\000S\000I\000Z\000E}{subsection.3.15.1}% 110
\BOOKMARK [3][-]{subsubsection.3.15.1.9}{\376\377\0003\000.\0001\0005\000.\0001\000.\0009\000\040\000G\000G\000A\000\137\000S\000V\000\137\000U\000S\000D\000\137\000B\000U\000F\000F\000E\000R\000\137\000S\000I\000Z\000E}{subsection.3.15.1}% 111
\BOOKMARK [3][-]{subsubsection.3.15.1.10}{\376\377\0003\000.\0001\0005\000.\0001\000.\0001\0000\000\040\000G\000G\000A\000\137\000U\000T\000C\000\137\000B\000U\000F\000F\000E\000R\000\137\000S\000I\000Z\000E}{subsection.3.15.1}% 112
\BOOKMARK [3][-]{subsubsection.3.15.1.11}{\376\377\0003\000.\0001\0005\000.\0001\000.\0001\0001\000\040\000L\000L\000A\000\137\000A\000L\000T\000\137\000B\000U\000F\000F\000E\000R\000\137\000S\000I\000Z\000E}{subsection.3.15.1}% 113
\BOOKMARK [3][-]{subsubsection.3.15.1.12}{\376\377\0003\000.\0001\0005\000.\0001\000.\0001\0002\000\040\000L\000L\000A\000\137\000L\000A\000T\000\137\000B\000U\000F\000F\000E\000R\000\137\000S\000I\000Z\000E}{subsection.3.15.1}% 114
\BOOKMARK [3][-]{subsubsection.3.15.1.13}{\376\377\0003\000.\0001\0005\000.\0001\000.\0001\0003\000\040\000L\000L\000A\000\137\000L\000O\000N\000G\000\137\000B\000U\000F\000F\000E\000R\000\137\000S\000I\000Z\000E}{subsection.3.15.1}% 115
\BOOKMARK [3][-]{subsubsection.3.15.1.14}{\376\377\0003\000.\0001\0005\000.\0001\000.\0001\0004\000\040\000V\000T\000G\000\137\000S\000P\000E\000E\000D\000\137\000B\000U\000F\000E\000R\000\137\000S\000I\000Z\000E}{subsection.3.15.1}% 116
\BOOKMARK [2][-]{subsection.3.15.2}{\376\377\0003\000.\0001\0005\000.\0002\000\040\000V\000a\000r\000i\000a\000b\000l\000e\000\040\000D\000o\000c\000u\000m\000e\000n\000t\000a\000t\000i\000o\000n}{section.3.15}% 117
\BOOKMARK [3][-]{subsubsection.3.15.2.1}{\376\377\0003\000.\0001\0005\000.\0002\000.\0001\000\040\000a\000l\000t\000i\000t\000u\000d\000e\000L\000L\000A\000\137\000f\000l\000o\000a\000t}{subsection.3.15.2}% 118
\BOOKMARK [3][-]{subsubsection.3.15.2.2}{\376\377\0003\000.\0001\0005\000.\0002\000.\0002\000\040\000a\000l\000t\000i\000t\000u\000d\000e\000L\000L\000A\000\137\000s\000t\000r}{subsection.3.15.2}% 119
\BOOKMARK [3][-]{subsubsection.3.15.2.3}{\376\377\0003\000.\0001\0005\000.\0002\000.\0003\000\040\000e\000w\000\137\000i\000n\000d\000i\000c\000a\000t\000o\000r}{subsection.3.15.2}% 120
\BOOKMARK [3][-]{subsubsection.3.15.2.4}{\376\377\0003\000.\0001\0005\000.\0002\000.\0004\000\040\000h\000d\000o\000p}{subsection.3.15.2}% 121
\BOOKMARK [3][-]{subsubsection.3.15.2.5}{\376\377\0003\000.\0001\0005\000.\0002\000.\0005\000\040\000l\000a\000t\000i\000t\000u\000d\000e}{subsection.3.15.2}% 122
\BOOKMARK [3][-]{subsubsection.3.15.2.6}{\376\377\0003\000.\0001\0005\000.\0002\000.\0006\000\040\000l\000a\000t\000i\000t\000u\000d\000e\000L\000L\000A\000\137\000f\000l\000o\000a\000t}{subsection.3.15.2}% 123
\BOOKMARK [3][-]{subsubsection.3.15.2.7}{\376\377\0003\000.\0001\0005\000.\0002\000.\0007\000\040\000l\000a\000t\000i\000t\000u\000d\000e\000L\000L\000A\000\137\000s\000t\000r}{subsection.3.15.2}% 124
\BOOKMARK [3][-]{subsubsection.3.15.2.8}{\376\377\0003\000.\0001\0005\000.\0002\000.\0008\000\040\000l\000o\000n\000g\000i\000t\000u\000d\000e}{subsection.3.15.2}% 125
\BOOKMARK [3][-]{subsubsection.3.15.2.9}{\376\377\0003\000.\0001\0005\000.\0002\000.\0009\000\040\000l\000o\000n\000g\000i\000t\000u\000d\000e\000L\000L\000A\000\137\000f\000l\000o\000a\000t}{subsection.3.15.2}% 126
\BOOKMARK [3][-]{subsubsection.3.15.2.10}{\376\377\0003\000.\0001\0005\000.\0002\000.\0001\0000\000\040\000l\000o\000n\000g\000i\000t\000u\000d\000e\000L\000L\000A\000\137\000s\000t\000r}{subsection.3.15.2}% 127
\BOOKMARK [3][-]{subsubsection.3.15.2.11}{\376\377\0003\000.\0001\0005\000.\0002\000.\0001\0001\000\040\000m\000s\000l\000\137\000a\000l\000t\000i\000t\000u\000d\000e}{subsection.3.15.2}% 128
\BOOKMARK [3][-]{subsubsection.3.15.2.12}{\376\377\0003\000.\0001\0005\000.\0002\000.\0001\0002\000\040\000n\000s\000\137\000i\000n\000d\000i\000c\000a\000t\000o\000r}{subsection.3.15.2}% 129
\BOOKMARK [3][-]{subsubsection.3.15.2.13}{\376\377\0003\000.\0001\0005\000.\0002\000.\0001\0003\000\040\000p\000o\000s\000i\000t\000i\000o\000n\000\137\000f\000i\000x\000\137\000i\000n\000d\000i\000c\000a\000t\000o\000r}{subsection.3.15.2}% 130
\BOOKMARK [3][-]{subsubsection.3.15.2.14}{\376\377\0003\000.\0001\0005\000.\0002\000.\0001\0004\000\040\000s\000a\000t\000e\000l\000l\000i\000t\000e\000s\000\137\000u\000s\000e\000d}{subsection.3.15.2}% 131
\BOOKMARK [3][-]{subsubsection.3.15.2.15}{\376\377\0003\000.\0001\0005\000.\0002\000.\0001\0005\000\040\000s\000p\000e\000e\000d}{subsection.3.15.2}% 132
\BOOKMARK [3][-]{subsubsection.3.15.2.16}{\376\377\0003\000.\0001\0005\000.\0002\000.\0001\0006\000\040\000u\000t\000c\000\137\000t\000i\000m\000e}{subsection.3.15.2}% 133
\BOOKMARK [1][-]{section.3.16}{\376\377\0003\000.\0001\0006\000\040\000n\000f\000\137\000t\000y\000p\000e\000s\000.\000h}{chapter.3}% 134
\BOOKMARK [1][-]{section.3.17}{\376\377\0003\000.\0001\0007\000\040\000G\000:\000/\000P\000r\000o\000j\000e\000c\000t\000\137\000F\000i\000l\000e\000s\000/\000W\000a\000y\000F\000i\000n\000d\000X\000/\000w\000f\000x\000\137\000s\000w\000/\000w\000f\000x\000\137\000s\000w\000/\000u\000t\000/\000u\000t\000\137\000t\000y\000p\000e\000s\000.\000h\000\040\000F\000i\000l\000e\000\040\000R\000e\000f\000e\000r\000e\000n\000c\000e}{chapter.3}% 135
\BOOKMARK [2][-]{subsection.3.17.1}{\376\377\0003\000.\0001\0007\000.\0001\000\040\000D\000e\000t\000a\000i\000l\000e\000d\000\040\000D\000e\000s\000c\000r\000i\000p\000t\000i\000o\000n}{section.3.17}% 136
\BOOKMARK [2][-]{subsection.3.17.2}{\376\377\0003\000.\0001\0007\000.\0002\000\040\000M\000a\000c\000r\000o\000\040\000D\000e\000f\000i\000n\000i\000t\000i\000o\000n\000\040\000D\000o\000c\000u\000m\000e\000n\000t\000a\000t\000i\000o\000n}{section.3.17}% 137
\BOOKMARK [3][-]{subsubsection.3.17.2.1}{\376\377\0003\000.\0001\0007\000.\0002\000.\0001\000\040\000f\000a\000l\000s\000e}{subsection.3.17.2}% 138
\BOOKMARK [3][-]{subsubsection.3.17.2.2}{\376\377\0003\000.\0001\0007\000.\0002\000.\0002\000\040\000t\000r\000u\000e}{subsection.3.17.2}% 139
\BOOKMARK [2][-]{subsection.3.17.3}{\376\377\0003\000.\0001\0007\000.\0003\000\040\000T\000y\000p\000e\000d\000e\000f\000\040\000D\000o\000c\000u\000m\000e\000n\000t\000a\000t\000i\000o\000n}{section.3.17}% 140
\BOOKMARK [3][-]{subsubsection.3.17.3.1}{\376\377\0003\000.\0001\0007\000.\0003\000.\0001\000\040\000b\000o\000o\000l\000e\000a\000n\000\137\000t}{subsection.3.17.3}% 141
\BOOKMARK [3][-]{subsubsection.3.17.3.2}{\376\377\0003\000.\0001\0007\000.\0003\000.\0002\000\040\000i\000n\000t\0008\000\137\000t}{subsection.3.17.3}% 142
\BOOKMARK [3][-]{subsubsection.3.17.3.3}{\376\377\0003\000.\0001\0007\000.\0003\000.\0003\000\040\000u\000i\000n\000t\0001\0006\000\137\000t}{subsection.3.17.3}% 143
\BOOKMARK [3][-]{subsubsection.3.17.3.4}{\376\377\0003\000.\0001\0007\000.\0003\000.\0004\000\040\000u\000i\000n\000t\0008\000\137\000t}{subsection.3.17.3}% 144
\BOOKMARK [1][-]{section.3.18}{\376\377\0003\000.\0001\0008\000\040\000u\000t\000\137\000t\000y\000p\000e\000s\000.\000h}{chapter.3}% 145
\BOOKMARK [1][-]{section.3.19}{\376\377\0003\000.\0001\0009\000\040\000G\000:\000/\000P\000r\000o\000j\000e\000c\000t\000\137\000F\000i\000l\000e\000s\000/\000W\000a\000y\000F\000i\000n\000d\000X\000/\000w\000f\000x\000\137\000s\000w\000/\000w\000f\000x\000\137\000s\000w\000/\000u\000t\000/\000u\000t\000i\000l\000i\000t\000i\000e\000s\000.\000c\000\040\000F\000i\000l\000e\000\040\000R\000e\000f\000e\000r\000e\000n\000c\000e}{chapter.3}% 146
\BOOKMARK [2][-]{subsection.3.19.1}{\376\377\0003\000.\0001\0009\000.\0001\000\040\000F\000u\000n\000c\000t\000i\000o\000n\000\040\000D\000o\000c\000u\000m\000e\000n\000t\000a\000t\000i\000o\000n}{section.3.19}% 147
\BOOKMARK [3][-]{subsubsection.3.19.1.1}{\376\377\0003\000.\0001\0009\000.\0001\000.\0001\000\040\000i\000s\000\137\000b\000u\000t\000t\000o\000n\000\137\000p\000r\000e\000s\000s\000e\000d\000\050\000\051}{subsection.3.19.1}% 148
\BOOKMARK [3][-]{subsubsection.3.19.1.2}{\376\377\0003\000.\0001\0009\000.\0001\000.\0002\000\040\000u\000t\000\137\000c\000o\000n\000v\000e\000r\000t\000\137\000l\000a\000t\000\137\000f\000l\000o\000a\000t\000\137\000t\000o\000\137\000s\000t\000r\000i\000n\000g\000\050\000\051}{subsection.3.19.1}% 149
\BOOKMARK [3][-]{subsubsection.3.19.1.3}{\376\377\0003\000.\0001\0009\000.\0001\000.\0003\000\040\000u\000t\000\137\000c\000o\000n\000v\000e\000r\000t\000\137\000l\000o\000n\000g\000\137\000f\000l\000o\000a\000t\000\137\000t\000o\000\137\000s\000t\000r\000i\000n\000g\000\050\000\051}{subsection.3.19.1}% 150
\BOOKMARK [3][-]{subsubsection.3.19.1.4}{\376\377\0003\000.\0001\0009\000.\0001\000.\0004\000\040\000u\000t\000\137\000i\000n\000i\000t\000\050\000\051}{subsection.3.19.1}% 151
\BOOKMARK [3][-]{subsubsection.3.19.1.5}{\376\377\0003\000.\0001\0009\000.\0001\000.\0005\000\040\000u\000t\000\137\000l\000o\000a\000d\000\137\000f\000r\000o\000m\000\137\000n\000o\000n\000\137\000v\000o\000l\000\050\000\051}{subsection.3.19.1}% 152
\BOOKMARK [3][-]{subsubsection.3.19.1.6}{\376\377\0003\000.\0001\0009\000.\0001\000.\0006\000\040\000u\000t\000\137\000p\000o\000l\000l\000\137\000b\000t\000n\000s\000\050\000\051}{subsection.3.19.1}% 153
\BOOKMARK [3][-]{subsubsection.3.19.1.7}{\376\377\0003\000.\0001\0009\000.\0001\000.\0007\000\040\000u\000t\000\137\000w\000r\000i\000t\000e\000\137\000t\000o\000\137\000n\000o\000n\000\137\000v\000o\000l\000\050\000\051}{subsection.3.19.1}% 154
\BOOKMARK [2][-]{subsection.3.19.2}{\376\377\0003\000.\0001\0009\000.\0002\000\040\000V\000a\000r\000i\000a\000b\000l\000e\000\040\000D\000o\000c\000u\000m\000e\000n\000t\000a\000t\000i\000o\000n}{section.3.19}% 155
\BOOKMARK [3][-]{subsubsection.3.19.2.1}{\376\377\0003\000.\0001\0009\000.\0002\000.\0001\000\040\000u\000t\000\137\000l\000a\000t\000\137\000m\000e\000m\000\137\000f\000l\000o\000a\000t\000s}{subsection.3.19.2}% 156
\BOOKMARK [3][-]{subsubsection.3.19.2.2}{\376\377\0003\000.\0001\0009\000.\0002\000.\0002\000\040\000u\000t\000\137\000l\000a\000t\000\137\000m\000e\000m\000\137\000s\000t\000r}{subsection.3.19.2}% 157
\BOOKMARK [3][-]{subsubsection.3.19.2.3}{\376\377\0003\000.\0001\0009\000.\0002\000.\0003\000\040\000u\000t\000\137\000l\000o\000n\000g\000\137\000m\000e\000m\000\137\000f\000l\000o\000a\000t\000s}{subsection.3.19.2}% 158
\BOOKMARK [3][-]{subsubsection.3.19.2.4}{\376\377\0003\000.\0001\0009\000.\0002\000.\0004\000\040\000u\000t\000\137\000l\000o\000n\000g\000\137\000m\000e\000m\000\137\000s\000t\000r}{subsection.3.19.2}% 159
\BOOKMARK [3][-]{subsubsection.3.19.2.5}{\376\377\0003\000.\0001\0009\000.\0002\000.\0005\000\040\000u\000t\000\137\000m\000e\000m\000o\000r\000y\000\137\0000\000i\000d\000x}{subsection.3.19.2}% 160
\BOOKMARK [3][-]{subsubsection.3.19.2.6}{\376\377\0003\000.\0001\0009\000.\0002\000.\0006\000\040\000u\000t\000\137\000m\000o\000d\000e}{subsection.3.19.2}% 161
\BOOKMARK [3][-]{subsubsection.3.19.2.7}{\376\377\0003\000.\0001\0009\000.\0002\000.\0007\000\040\000u\000t\000\137\000o\000p\000e\000r\000a\000t\000i\000o\000n}{subsection.3.19.2}% 162
\BOOKMARK [1][-]{section.3.20}{\376\377\0003\000.\0002\0000\000\040\000u\000t\000i\000l\000i\000t\000i\000e\000s\000.\000c}{chapter.3}% 163
\BOOKMARK [1][-]{section.3.21}{\376\377\0003\000.\0002\0001\000\040\000G\000:\000/\000P\000r\000o\000j\000e\000c\000t\000\137\000F\000i\000l\000e\000s\000/\000W\000a\000y\000F\000i\000n\000d\000X\000/\000w\000f\000x\000\137\000s\000w\000/\000w\000f\000x\000\137\000s\000w\000/\000u\000t\000/\000u\000t\000i\000l\000i\000t\000i\000e\000s\000.\000h\000\040\000F\000i\000l\000e\000\040\000R\000e\000f\000e\000r\000e\000n\000c\000e}{chapter.3}% 164
\BOOKMARK [2][-]{subsection.3.21.1}{\376\377\0003\000.\0002\0001\000.\0001\000\040\000D\000e\000t\000a\000i\000l\000e\000d\000\040\000D\000e\000s\000c\000r\000i\000p\000t\000i\000o\000n}{section.3.21}% 165
\BOOKMARK [2][-]{subsection.3.21.2}{\376\377\0003\000.\0002\0001\000.\0002\000\040\000M\000a\000c\000r\000o\000\040\000D\000e\000f\000i\000n\000i\000t\000i\000o\000n\000\040\000D\000o\000c\000u\000m\000e\000n\000t\000a\000t\000i\000o\000n}{section.3.21}% 166
\BOOKMARK [3][-]{subsubsection.3.21.2.1}{\376\377\0003\000.\0002\0001\000.\0002\000.\0001\000\040\000A\000C\000T\000I\000O\000N\000\137\000B\000T\000N}{subsection.3.21.2}% 167
\BOOKMARK [3][-]{subsubsection.3.21.2.2}{\376\377\0003\000.\0002\0001\000.\0002\000.\0002\000\040\000C\000L\000E\000A\000R\000\137\000O\000P}{subsection.3.21.2}% 168
\BOOKMARK [3][-]{subsubsection.3.21.2.3}{\376\377\0003\000.\0002\0001\000.\0002\000.\0003\000\040\000C\000L\000E\000A\000R\000\137\000S\000T\000R}{subsection.3.21.2}% 169
\BOOKMARK [3][-]{subsubsection.3.21.2.4}{\376\377\0003\000.\0002\0001\000.\0002\000.\0004\000\040\000M\000A\000X\000\137\000M\000E\000M\000\137\000I\000N\000D\000E\000X}{subsection.3.21.2}% 170
\BOOKMARK [3][-]{subsubsection.3.21.2.5}{\376\377\0003\000.\0002\0001\000.\0002\000.\0005\000\040\000M\000E\000M\000\137\000S\000E\000L\000E\000C\000T\000\137\000B\000T\000N}{subsection.3.21.2}% 171
\BOOKMARK [3][-]{subsubsection.3.21.2.6}{\376\377\0003\000.\0002\0001\000.\0002\000.\0006\000\040\000M\000O\000D\000E\000\137\000S\000E\000L\000E\000C\000T\000\137\000B\000T\000N}{subsection.3.21.2}% 172
\BOOKMARK [3][-]{subsubsection.3.21.2.7}{\376\377\0003\000.\0002\0001\000.\0002\000.\0007\000\040\000N\000A\000V\000\137\000M\000O\000D\000E}{subsection.3.21.2}% 173
\BOOKMARK [3][-]{subsubsection.3.21.2.8}{\376\377\0003\000.\0002\0001\000.\0002\000.\0008\000\040\000N\000O\000P}{subsection.3.21.2}% 174
\BOOKMARK [3][-]{subsubsection.3.21.2.9}{\376\377\0003\000.\0002\0001\000.\0002\000.\0009\000\040\000N\000U\000M\000\137\000B\000U\000T\000T\000O\000N\000S}{subsection.3.21.2}% 175
\BOOKMARK [3][-]{subsubsection.3.21.2.10}{\376\377\0003\000.\0002\0001\000.\0002\000.\0001\0000\000\040\000N\000U\000M\000\137\000O\000P\000E\000R\000A\000T\000I\000O\000N\000S}{subsection.3.21.2}% 176
\BOOKMARK [3][-]{subsubsection.3.21.2.11}{\376\377\0003\000.\0002\0001\000.\0002\000.\0001\0001\000\040\000O\000N\000\137\000T\000I\000M\000E\000\137\000T\000H\000R\000E\000S\000H\000H\000O\000L\000D}{subsection.3.21.2}% 177
\BOOKMARK [3][-]{subsubsection.3.21.2.12}{\376\377\0003\000.\0002\0001\000.\0002\000.\0001\0002\000\040\000O\000P\000\137\000S\000E\000L\000E\000C\000T\000\137\000B\000T\000N}{subsection.3.21.2}% 178
\BOOKMARK [3][-]{subsubsection.3.21.2.13}{\376\377\0003\000.\0002\0001\000.\0002\000.\0001\0003\000\040\000R\000E\000S\000E\000T\000\137\000O\000P}{subsection.3.21.2}% 179
\BOOKMARK [3][-]{subsubsection.3.21.2.14}{\376\377\0003\000.\0002\0001\000.\0002\000.\0001\0004\000\040\000R\000E\000S\000E\000T\000\137\000S\000T\000R}{subsection.3.21.2}% 180
\BOOKMARK [3][-]{subsubsection.3.21.2.15}{\376\377\0003\000.\0002\0001\000.\0002\000.\0001\0005\000\040\000R\000E\000S\000E\000T\000\137\000T\000I\000M\000E\000\137\000T\000H\000R\000E\000S\000H\000H\000O\000L\000D}{subsection.3.21.2}% 181
\BOOKMARK [3][-]{subsubsection.3.21.2.16}{\376\377\0003\000.\0002\0001\000.\0002\000.\0001\0006\000\040\000S\000A\000V\000E\000\137\000O\000P}{subsection.3.21.2}% 182
\BOOKMARK [3][-]{subsubsection.3.21.2.17}{\376\377\0003\000.\0002\0001\000.\0002\000.\0001\0007\000\040\000S\000A\000V\000E\000\137\000S\000T\000R}{subsection.3.21.2}% 183
\BOOKMARK [3][-]{subsubsection.3.21.2.18}{\376\377\0003\000.\0002\0001\000.\0002\000.\0001\0008\000\040\000S\000T\000A\000T\000\137\000M\000O\000D\000E}{subsection.3.21.2}% 184
\BOOKMARK [2][-]{subsection.3.21.3}{\376\377\0003\000.\0002\0001\000.\0003\000\040\000F\000u\000n\000c\000t\000i\000o\000n\000\040\000D\000o\000c\000u\000m\000e\000n\000t\000a\000t\000i\000o\000n}{section.3.21}% 185
\BOOKMARK [3][-]{subsubsection.3.21.3.1}{\376\377\0003\000.\0002\0001\000.\0003\000.\0001\000\040\000u\000t\000\137\000i\000n\000i\000t\000\050\000\051}{subsection.3.21.3}% 186
\BOOKMARK [3][-]{subsubsection.3.21.3.2}{\376\377\0003\000.\0002\0001\000.\0003\000.\0002\000\040\000u\000t\000\137\000p\000o\000l\000l\000\137\000b\000t\000n\000s\000\050\000\051}{subsection.3.21.3}% 187
\BOOKMARK [2][-]{subsection.3.21.4}{\376\377\0003\000.\0002\0001\000.\0004\000\040\000V\000a\000r\000i\000a\000b\000l\000e\000\040\000D\000o\000c\000u\000m\000e\000n\000t\000a\000t\000i\000o\000n}{section.3.21}% 188
\BOOKMARK [3][-]{subsubsection.3.21.4.1}{\376\377\0003\000.\0002\0001\000.\0004\000.\0001\000\040\000u\000t\000\137\000l\000a\000t\000\137\000m\000e\000m\000\137\000f\000l\000o\000a\000t\000s}{subsection.3.21.4}% 189
\BOOKMARK [3][-]{subsubsection.3.21.4.2}{\376\377\0003\000.\0002\0001\000.\0004\000.\0002\000\040\000u\000t\000\137\000l\000a\000t\000\137\000m\000e\000m\000\137\000s\000t\000r}{subsection.3.21.4}% 190
\BOOKMARK [3][-]{subsubsection.3.21.4.3}{\376\377\0003\000.\0002\0001\000.\0004\000.\0003\000\040\000u\000t\000\137\000l\000o\000n\000g\000\137\000m\000e\000m\000\137\000f\000l\000o\000a\000t\000s}{subsection.3.21.4}% 191
\BOOKMARK [3][-]{subsubsection.3.21.4.4}{\376\377\0003\000.\0002\0001\000.\0004\000.\0004\000\040\000u\000t\000\137\000l\000o\000n\000g\000\137\000m\000e\000m\000\137\000s\000t\000r}{subsection.3.21.4}% 192
\BOOKMARK [3][-]{subsubsection.3.21.4.5}{\376\377\0003\000.\0002\0001\000.\0004\000.\0005\000\040\000u\000t\000\137\000m\000e\000m\000o\000r\000y\000\137\0000\000i\000d\000x}{subsection.3.21.4}% 193
\BOOKMARK [3][-]{subsubsection.3.21.4.6}{\376\377\0003\000.\0002\0001\000.\0004\000.\0006\000\040\000u\000t\000\137\000m\000o\000d\000e}{subsection.3.21.4}% 194
\BOOKMARK [3][-]{subsubsection.3.21.4.7}{\376\377\0003\000.\0002\0001\000.\0004\000.\0007\000\040\000u\000t\000\137\000o\000p\000e\000r\000a\000t\000i\000o\000n}{subsection.3.21.4}% 195
\BOOKMARK [1][-]{section.3.22}{\376\377\0003\000.\0002\0002\000\040\000u\000t\000i\000l\000i\000t\000i\000e\000s\000.\000h}{chapter.3}% 196
\BOOKMARK [0][-]{section*.24}{\376\377\000I\000n\000d\000e\000x}{}% 197
